#
# There is insufficient memory for the Java Runtime Environment to continue.
# Native memory allocation (malloc) failed to allocate 1048576 bytes. Error detail: AllocateHeap
# Possible reasons:
#   The system is out of physical RAM or swap space
#   This process is running with CompressedOops enabled, and the Java Heap may be blocking the growth of the native heap
# Possible solutions:
#   Reduce memory load on the system
#   Increase physical memory or swap space
#   Check if swap backing store is full
#   Decrease Java heap size (-Xmx/-Xms)
#   Decrease number of Java threads
#   Decrease Java thread stack sizes (-Xss)
#   Set larger code cache with -XX:ReservedCodeCacheSize=
#   JVM is running with Unscaled Compressed Oops mode in which the Java heap is
#     placed in the first 4GB address space. The Java Heap base address is the
#     maximum limit for the native heap growth. Please use -XX:HeapBaseMinAddress
#     to set the Java Heap base and to place the Java Heap above 4GB virtual address.
# This output file may be truncated or incomplete.
#
#  Out of Memory Error (allocation.cpp:44), pid=6368, tid=24864
#
# JRE version: OpenJDK Runtime Environment Temurin-17.0.12+7 (17.0.12+7) (build 17.0.12+7)
# Java VM: OpenJDK 64-Bit Server VM Temurin-17.0.12+7 (17.0.12+7, mixed mode, emulated-client, tiered, compressed oops, compressed class ptrs, g1 gc, windows-amd64)
# No core dump will be written. Minidumps are not enabled by default on client versions of Windows
#

---------------  S U M M A R Y ------------

Command Line: -Xmx1024m -Dsts.lsp.client=vscode -Dsts.log.file=/dev/null -XX:TieredStopAtLevel=1 -Xlog:jni+resolve=off c:\Users\aniln\.vscode\extensions\vmware.vscode-spring-boot-1.57.0\language-server\spring-boot-language-server-1.57.0-SNAPSHOT-exec.jar

Host: Intel(R) Core(TM) i5-8265U CPU @ 1.60GHz, 8 cores, 7G,  Windows 11 , 64 bit Build 22621 (10.0.22621.3958)
Time: Fri Oct 11 18:26:42 2024 Mountain Daylight Time elapsed time: 21359.748806 seconds (0d 5h 55m 59s)

---------------  T H R E A D  ---------------

Current thread (0x0000022536fb9400):  VMThread "VM Thread" [stack: 0x000000a943300000,0x000000a943400000] [id=24864]

Stack: [0x000000a943300000,0x000000a943400000]
Native frames: (J=compiled Java code, j=interpreted, Vv=VM code, C=native code)
V  [jvm.dll+0x67f929]
V  [jvm.dll+0x8371ba]
V  [jvm.dll+0x838c7e]
V  [jvm.dll+0x8392e3]
V  [jvm.dll+0x24834f]
V  [jvm.dll+0xa70d3]
V  [jvm.dll+0x2f9073]
V  [jvm.dll+0x2f4d00]
V  [jvm.dll+0x2dd82f]
V  [jvm.dll+0x3201f7]
V  [jvm.dll+0x83d7dd]
V  [jvm.dll+0x83e522]
V  [jvm.dll+0x83ea4f]
V  [jvm.dll+0x83ee34]
V  [jvm.dll+0x83ef00]
V  [jvm.dll+0x7e65dc]
V  [jvm.dll+0x67e7f7]
C  [ucrtbase.dll+0x29333]
C  [KERNEL32.DLL+0x1257d]
C  [ntdll.dll+0x5af08]

VM_Operation (0x000000a9453fec70): G1CollectFull, mode: safepoint, requested by thread 0x000002253c748530


---------------  P R O C E S S  ---------------

Threads class SMR info:
_java_thread_list=0x000002253c22e880, length=28, elements={
0x0000022536fd0380, 0x0000022536fd1200, 0x000002253711a4a0, 0x000002253711b320,
0x000002253711f100, 0x000002253711fac0, 0x0000022536ff58a0, 0x0000022536ff61b0,
0x0000022537288750, 0x0000022537288ed0, 0x000002253c74bce0, 0x000002253c748530,
0x000002253c74b7d0, 0x000002253c74a390, 0x000002253c74adb0, 0x000002253c749970,
0x000002253c748f50, 0x000002253c749460, 0x000002253c749e80, 0x000002253ce7d190,
0x000002253ce7dbb0, 0x000002253ce785a0, 0x000002253ce7e0c0, 0x000002253ce77b80,
0x000002253ce77670, 0x000002253ce78ab0, 0x000002253ce78090, 0x000002253ce7c770
}

Java Threads: ( => current thread )
  0x0000022536fd0380 JavaThread "Reference Handler" daemon [_thread_blocked, id=23716, stack(0x000000a943400000,0x000000a943500000)]
  0x0000022536fd1200 JavaThread "Finalizer" daemon [_thread_blocked, id=22496, stack(0x000000a943500000,0x000000a943600000)]
  0x000002253711a4a0 JavaThread "Signal Dispatcher" daemon [_thread_blocked, id=3132, stack(0x000000a943600000,0x000000a943700000)]
  0x000002253711b320 JavaThread "Attach Listener" daemon [_thread_blocked, id=22260, stack(0x000000a943700000,0x000000a943800000)]
  0x000002253711f100 JavaThread "Service Thread" daemon [_thread_blocked, id=12276, stack(0x000000a943800000,0x000000a943900000)]
  0x000002253711fac0 JavaThread "Monitor Deflation Thread" daemon [_thread_blocked, id=10592, stack(0x000000a943900000,0x000000a943a00000)]
  0x0000022536ff58a0 JavaThread "C1 CompilerThread0" daemon [_thread_blocked, id=23336, stack(0x000000a943a00000,0x000000a943b00000)]
  0x0000022536ff61b0 JavaThread "Sweeper thread" daemon [_thread_blocked, id=24112, stack(0x000000a943b00000,0x000000a943c00000)]
  0x0000022537288750 JavaThread "Notification Thread" daemon [_thread_blocked, id=28164, stack(0x000000a943f00000,0x000000a944000000)]
  0x0000022537288ed0 JavaThread "Common-Cleaner" daemon [_thread_blocked, id=27652, stack(0x000000a944100000,0x000000a944200000)]
  0x000002253c74bce0 JavaThread "boundedElastic-evictor-1" daemon [_thread_blocked, id=19864, stack(0x000000a945200000,0x000000a945300000)]
  0x000002253c748530 JavaThread "pool-13-thread-1" [_thread_blocked, id=27360, stack(0x000000a945300000,0x000000a945400000)]
  0x000002253c74b7d0 JavaThread "LanguageServerApp-lifecycle" [_thread_blocked, id=14360, stack(0x000000a945400000,0x000000a945500000)]
  0x000002253c74a390 JavaThread "DestroyJavaVM" [_thread_blocked, id=20216, stack(0x000000a942d00000,0x000000a942e00000)]
  0x000002253c74adb0 JavaThread "pool-14-thread-1" [_thread_in_native, id=25176, stack(0x000000a945500000,0x000000a945600000)]
  0x000002253c749970 JavaThread "Simple-Language-Server main thread" daemon [_thread_blocked, id=29340, stack(0x000000a945600000,0x000000a945700000)]
  0x000002253c748f50 JavaThread "pool-8-thread-1" [_thread_blocked, id=27968, stack(0x000000a945900000,0x000000a945a00000)]
  0x000002253c749460 JavaThread "parallel-1" daemon [_thread_blocked, id=2784, stack(0x000000a945a00000,0x000000a945b00000)]
  0x000002253c749e80 JavaThread "pool-6-thread-1" [_thread_blocked, id=12684, stack(0x000000a945b00000,0x000000a945c00000)]
  0x000002253ce7d190 JavaThread "parallel-2" daemon [_thread_blocked, id=27208, stack(0x000000a945c00000,0x000000a945d00000)]
  0x000002253ce7dbb0 JavaThread "parallel-3" daemon [_thread_blocked, id=21536, stack(0x000000a945d00000,0x000000a945e00000)]
  0x000002253ce785a0 JavaThread "parallel-4" daemon [_thread_blocked, id=9808, stack(0x000000a946300000,0x000000a946400000)]
  0x000002253ce7e0c0 JavaThread "parallel-5" daemon [_thread_blocked, id=2368, stack(0x000000a946400000,0x000000a946500000)]
  0x000002253ce77b80 JavaThread "Reconciler-1" daemon [_thread_blocked, id=19268, stack(0x000000a946500000,0x000000a946600000)]
  0x000002253ce77670 JavaThread "parallel-6" daemon [_thread_blocked, id=932, stack(0x000000a942b00000,0x000000a942c00000)]
  0x000002253ce78ab0 JavaThread "parallel-7" daemon [_thread_blocked, id=22508, stack(0x000000a943d00000,0x000000a943e00000)]
  0x000002253ce78090 JavaThread "parallel-8" daemon [_thread_blocked, id=6328, stack(0x000000a944e00000,0x000000a944f00000)]
  0x000002253ce7c770 JavaThread "CompletableFutureDelayScheduler" daemon [_thread_blocked, id=20188, stack(0x000000a945f00000,0x000000a946000000)]

Other Threads:
=>0x0000022536fb9400 VMThread "VM Thread" [stack: 0x000000a943300000,0x000000a943400000] [id=24864]
  0x0000022537288c30 WatcherThread [stack: 0x000000a944000000,0x000000a944100000] [id=7904]
  0x000002252c1c45e0 GCTaskThread "GC Thread#0" [stack: 0x000000a942e00000,0x000000a942f00000] [id=13148]
  0x0000022537b92b20 GCTaskThread "GC Thread#1" [stack: 0x000000a944200000,0x000000a944300000] [id=11952]
  0x0000022537b70ff0 GCTaskThread "GC Thread#2" [stack: 0x000000a944300000,0x000000a944400000] [id=4376]
  0x0000022537c07f50 GCTaskThread "GC Thread#3" [stack: 0x000000a944400000,0x000000a944500000] [id=11572]
  0x000002253c4291b0 GCTaskThread "GC Thread#4" [stack: 0x000000a944500000,0x000000a944600000] [id=24400]
  0x000002253c429470 GCTaskThread "GC Thread#5" [stack: 0x000000a944600000,0x000000a944700000] [id=4296]
  0x000002253c429730 GCTaskThread "GC Thread#6" [stack: 0x000000a944700000,0x000000a944800000] [id=18996]
  0x000002253c4299f0 GCTaskThread "GC Thread#7" [stack: 0x000000a944800000,0x000000a944900000] [id=26468]
  0x000002252c1cd530 ConcurrentGCThread "G1 Main Marker" [stack: 0x000000a942f00000,0x000000a943000000] [id=14204]
  0x000002252c1cdf50 ConcurrentGCThread "G1 Conc#0" [stack: 0x000000a943000000,0x000000a943100000] [id=18832]
  0x000002253c280a20 ConcurrentGCThread "G1 Conc#1" [stack: 0x000000a944a00000,0x000000a944b00000] [id=4100]
  0x0000022536e320b0 ConcurrentGCThread "G1 Refine#0" [stack: 0x000000a943100000,0x000000a943200000] [id=664]
  0x0000022536e32ae0 ConcurrentGCThread "G1 Service" [stack: 0x000000a943200000,0x000000a943300000] [id=25660]

Threads with active compile tasks:

VM state: at safepoint (normal execution)

VM Mutex/Monitor currently owned by a thread:  ([mutex/lock_event])
[0x000002252c1815f0] Threads_lock - owner thread: 0x0000022536fb9400
[0x000002252c180900] Heap_lock - owner thread: 0x000002253c748530

Heap address: 0x00000000c0000000, size: 1024 MB, Compressed Oops mode: 32-bit

CDS archive(s) not mapped
Compressed class space mapped at: 0x0000000100000000-0x0000000140000000, reserved size: 1073741824
Narrow klass base: 0x0000000000000000, Narrow klass shift: 3, Narrow klass range: 0x140000000

GC Precious Log:
 CPUs: 8 total, 8 available
 Memory: 8078M
 Large Page Support: Disabled
 NUMA Support: Disabled
 Compressed Oops: Enabled (32-bit)
 Heap Region Size: 1M
 Heap Min Capacity: 8M
 Heap Initial Capacity: 128M
 Heap Max Capacity: 1G
 Pre-touch: Disabled
 Parallel Workers: 8
 Concurrent Workers: 2
 Concurrent Refinement Workers: 8
 Periodic GC: Disabled

Heap:
 garbage-first heap   total 91136K, used 41607K [0x00000000c0000000, 0x0000000100000000)
  region size 1024K, 1 young (1024K), 0 survivors (0K)
 Metaspace       used 61038K, committed 61504K, reserved 1114112K
  class space    used 7677K, committed 7872K, reserved 1048576K

Heap Regions: E=young(eden), S=young(survivor), O=old, HS=humongous(starts), HC=humongous(continues), CS=collection set, F=free, OA=open archive, CA=closed archive, TAMS=top-at-mark-start (previous, next)
|   0|0x00000000c0000000, 0x00000000c0100000, 0x00000000c0100000|100%|HS|  |TAMS 0x00000000c0100000, 0x00000000c0000000| Untracked 
|   1|0x00000000c0100000, 0x00000000c0200000, 0x00000000c0200000|100%|HC|  |TAMS 0x00000000c0200000, 0x00000000c0100000| Untracked 
|   2|0x00000000c0200000, 0x00000000c0300000, 0x00000000c0300000|100%|HC|  |TAMS 0x00000000c0300000, 0x00000000c0200000| Untracked 
|   3|0x00000000c0300000, 0x00000000c0400000, 0x00000000c0400000|100%|HC|  |TAMS 0x00000000c0400000, 0x00000000c0300000| Untracked 
|   4|0x00000000c0400000, 0x00000000c0500000, 0x00000000c0500000|100%|HS|  |TAMS 0x00000000c0500000, 0x00000000c0400000| Untracked 
|   5|0x00000000c0500000, 0x00000000c0600000, 0x00000000c0600000|100%|HC|  |TAMS 0x00000000c0600000, 0x00000000c0500000| Untracked 
|   6|0x00000000c0600000, 0x00000000c0700000, 0x00000000c0700000|100%| O|  |TAMS 0x00000000c0700000, 0x00000000c0600000| Untracked 
|   7|0x00000000c0700000, 0x00000000c07fff98, 0x00000000c0800000| 99%| O|  |TAMS 0x00000000c07fff98, 0x00000000c0700000| Untracked 
|   8|0x00000000c0800000, 0x00000000c08ffff8, 0x00000000c0900000| 99%| O|  |TAMS 0x00000000c08ffff8, 0x00000000c0800000| Untracked 
|   9|0x00000000c0900000, 0x00000000c0a00000, 0x00000000c0a00000|100%| O|  |TAMS 0x00000000c0a00000, 0x00000000c0900000| Untracked 
|  10|0x00000000c0a00000, 0x00000000c0b00000, 0x00000000c0b00000|100%| O|  |TAMS 0x00000000c0b00000, 0x00000000c0a00000| Untracked 
|  11|0x00000000c0b00000, 0x00000000c0c00000, 0x00000000c0c00000|100%| O|  |TAMS 0x00000000c0c00000, 0x00000000c0b00000| Untracked 
|  12|0x00000000c0c00000, 0x00000000c0d00000, 0x00000000c0d00000|100%| O|  |TAMS 0x00000000c0d00000, 0x00000000c0c00000| Untracked 
|  13|0x00000000c0d00000, 0x00000000c0e00000, 0x00000000c0e00000|100%| O|  |TAMS 0x00000000c0e00000, 0x00000000c0d00000| Untracked 
|  14|0x00000000c0e00000, 0x00000000c0f00000, 0x00000000c0f00000|100%| O|  |TAMS 0x00000000c0f00000, 0x00000000c0e00000| Untracked 
|  15|0x00000000c0f00000, 0x00000000c0ffffc0, 0x00000000c1000000| 99%| O|  |TAMS 0x00000000c0ffffc0, 0x00000000c0f00000| Untracked 
|  16|0x00000000c1000000, 0x00000000c10fffe0, 0x00000000c1100000| 99%| O|  |TAMS 0x00000000c10fffe0, 0x00000000c1000000| Untracked 
|  17|0x00000000c1100000, 0x00000000c11fffd8, 0x00000000c1200000| 99%| O|  |TAMS 0x00000000c11fffd8, 0x00000000c1100000| Untracked 
|  18|0x00000000c1200000, 0x00000000c12fedd8, 0x00000000c1300000| 99%| O|  |TAMS 0x00000000c12fedd8, 0x00000000c1200000| Untracked 
|  19|0x00000000c1300000, 0x00000000c13fff68, 0x00000000c1400000| 99%| O|  |TAMS 0x00000000c13fff68, 0x00000000c1300000| Untracked 
|  20|0x00000000c1400000, 0x00000000c14f8670, 0x00000000c1500000| 97%| O|  |TAMS 0x00000000c14f8670, 0x00000000c1400000| Untracked 
|  21|0x00000000c1500000, 0x00000000c1600000, 0x00000000c1600000|100%| O|  |TAMS 0x00000000c1600000, 0x00000000c1500000| Untracked 
|  22|0x00000000c1600000, 0x00000000c16ffff8, 0x00000000c1700000| 99%| O|  |TAMS 0x00000000c16ffff8, 0x00000000c1600000| Untracked 
|  23|0x00000000c1700000, 0x00000000c17fb228, 0x00000000c1800000| 98%| O|  |TAMS 0x00000000c17fb228, 0x00000000c1700000| Untracked 
|  24|0x00000000c1800000, 0x00000000c18fffe8, 0x00000000c1900000| 99%| O|  |TAMS 0x00000000c18fffe8, 0x00000000c1800000| Untracked 
|  25|0x00000000c1900000, 0x00000000c1a00000, 0x00000000c1a00000|100%| O|  |TAMS 0x00000000c1a00000, 0x00000000c1900000| Untracked 
|  26|0x00000000c1a00000, 0x00000000c1afffd0, 0x00000000c1b00000| 99%| O|  |TAMS 0x00000000c1afffd0, 0x00000000c1a00000| Untracked 
|  27|0x00000000c1b00000, 0x00000000c1bff7a8, 0x00000000c1c00000| 99%| O|  |TAMS 0x00000000c1bff7a8, 0x00000000c1b00000| Untracked 
|  28|0x00000000c1c00000, 0x00000000c1d00000, 0x00000000c1d00000|100%| O|  |TAMS 0x00000000c1d00000, 0x00000000c1c00000| Untracked 
|  29|0x00000000c1d00000, 0x00000000c1dffff8, 0x00000000c1e00000| 99%| O|  |TAMS 0x00000000c1dffff8, 0x00000000c1d00000| Untracked 
|  30|0x00000000c1e00000, 0x00000000c1efffe8, 0x00000000c1f00000| 99%| O|  |TAMS 0x00000000c1efffe8, 0x00000000c1e00000| Untracked 
|  31|0x00000000c1f00000, 0x00000000c2000000, 0x00000000c2000000|100%|HS|  |TAMS 0x00000000c2000000, 0x00000000c1f00000| Untracked 
|  32|0x00000000c2000000, 0x00000000c20ffff8, 0x00000000c2100000| 99%| O|  |TAMS 0x00000000c20ffff8, 0x00000000c2000000| Untracked 
|  33|0x00000000c2100000, 0x00000000c21ffff0, 0x00000000c2200000| 99%| O|  |TAMS 0x00000000c21ffff0, 0x00000000c2100000| Untracked 
|  34|0x00000000c2200000, 0x00000000c22b9608, 0x00000000c2300000| 72%| O|  |TAMS 0x00000000c2200000, 0x00000000c2200000| Untracked 
|  35|0x00000000c2300000, 0x00000000c23fa9b0, 0x00000000c2400000| 97%| O|  |TAMS 0x00000000c23fa9b0, 0x00000000c2300000| Untracked 
|  36|0x00000000c2400000, 0x00000000c2500000, 0x00000000c2500000|100%|HS|  |TAMS 0x00000000c2500000, 0x00000000c2400000| Untracked 
|  37|0x00000000c2500000, 0x00000000c2600000, 0x00000000c2600000|100%|HC|  |TAMS 0x00000000c2600000, 0x00000000c2500000| Untracked 
|  38|0x00000000c2600000, 0x00000000c2600068, 0x00000000c2700000|  0%| O|  |TAMS 0x00000000c2600000, 0x00000000c2600000| Untracked 
|  39|0x00000000c2700000, 0x00000000c2800000, 0x00000000c2800000|100%| O|  |TAMS 0x00000000c2800000, 0x00000000c2700000| Untracked 
|  40|0x00000000c2800000, 0x00000000c28fc0d8, 0x00000000c2900000| 98%| O|  |TAMS 0x00000000c28fc0d8, 0x00000000c2800000| Untracked 
|  41|0x00000000c2900000, 0x00000000c2a00000, 0x00000000c2a00000|100%| O|  |TAMS 0x00000000c2a00000, 0x00000000c2900000| Untracked 
|  42|0x00000000c2a00000, 0x00000000c2a00000, 0x00000000c2b00000|  0%| F|  |TAMS 0x00000000c2a00000, 0x00000000c2a00000| Untracked 
|  43|0x00000000c2b00000, 0x00000000c2b00000, 0x00000000c2c00000|  0%| F|  |TAMS 0x00000000c2b00000, 0x00000000c2b00000| Untracked 
|  44|0x00000000c2c00000, 0x00000000c2c00000, 0x00000000c2d00000|  0%| F|  |TAMS 0x00000000c2c00000, 0x00000000c2c00000| Untracked 
|  45|0x00000000c2d00000, 0x00000000c2d00000, 0x00000000c2e00000|  0%| F|  |TAMS 0x00000000c2d00000, 0x00000000c2d00000| Untracked 
|  46|0x00000000c2e00000, 0x00000000c2e00000, 0x00000000c2f00000|  0%| F|  |TAMS 0x00000000c2e00000, 0x00000000c2e00000| Untracked 
|  47|0x00000000c2f00000, 0x00000000c2f00000, 0x00000000c3000000|  0%| F|  |TAMS 0x00000000c2f00000, 0x00000000c2f00000| Untracked 
|  48|0x00000000c3000000, 0x00000000c3000000, 0x00000000c3100000|  0%| F|  |TAMS 0x00000000c3000000, 0x00000000c3000000| Untracked 
|  49|0x00000000c3100000, 0x00000000c3100000, 0x00000000c3200000|  0%| F|  |TAMS 0x00000000c3100000, 0x00000000c3100000| Untracked 
|  50|0x00000000c3200000, 0x00000000c3200000, 0x00000000c3300000|  0%| F|  |TAMS 0x00000000c3200000, 0x00000000c3200000| Untracked 
|  51|0x00000000c3300000, 0x00000000c3300000, 0x00000000c3400000|  0%| F|  |TAMS 0x00000000c3300000, 0x00000000c3300000| Untracked 
|  52|0x00000000c3400000, 0x00000000c3400000, 0x00000000c3500000|  0%| F|  |TAMS 0x00000000c3400000, 0x00000000c3400000| Untracked 
|  53|0x00000000c3500000, 0x00000000c3500000, 0x00000000c3600000|  0%| F|  |TAMS 0x00000000c3500000, 0x00000000c3500000| Untracked 
|  54|0x00000000c3600000, 0x00000000c3600000, 0x00000000c3700000|  0%| F|  |TAMS 0x00000000c3600000, 0x00000000c3600000| Untracked 
|  55|0x00000000c3700000, 0x00000000c3700000, 0x00000000c3800000|  0%| F|  |TAMS 0x00000000c3700000, 0x00000000c3700000| Untracked 
|  56|0x00000000c3800000, 0x00000000c3800000, 0x00000000c3900000|  0%| F|  |TAMS 0x00000000c3800000, 0x00000000c3800000| Untracked 
|  57|0x00000000c3900000, 0x00000000c3900000, 0x00000000c3a00000|  0%| F|  |TAMS 0x00000000c3900000, 0x00000000c3900000| Untracked 
|  58|0x00000000c3a00000, 0x00000000c3a00000, 0x00000000c3b00000|  0%| F|  |TAMS 0x00000000c3a00000, 0x00000000c3a00000| Untracked 
|  59|0x00000000c3b00000, 0x00000000c3b00000, 0x00000000c3c00000|  0%| F|  |TAMS 0x00000000c3b00000, 0x00000000c3b00000| Untracked 
|  60|0x00000000c3c00000, 0x00000000c3c00000, 0x00000000c3d00000|  0%| F|  |TAMS 0x00000000c3c00000, 0x00000000c3c00000| Untracked 
|  61|0x00000000c3d00000, 0x00000000c3d00000, 0x00000000c3e00000|  0%| F|  |TAMS 0x00000000c3d00000, 0x00000000c3d00000| Untracked 
|  62|0x00000000c3e00000, 0x00000000c3e00000, 0x00000000c3f00000|  0%| F|  |TAMS 0x00000000c3e00000, 0x00000000c3e00000| Untracked 
|  63|0x00000000c3f00000, 0x00000000c3f00000, 0x00000000c4000000|  0%| F|  |TAMS 0x00000000c3f00000, 0x00000000c3f00000| Untracked 
|  64|0x00000000c4000000, 0x00000000c4000000, 0x00000000c4100000|  0%| F|  |TAMS 0x00000000c4000000, 0x00000000c4000000| Untracked 
|  65|0x00000000c4100000, 0x00000000c4100000, 0x00000000c4200000|  0%| F|  |TAMS 0x00000000c4100000, 0x00000000c4100000| Untracked 
|  66|0x00000000c4200000, 0x00000000c4200000, 0x00000000c4300000|  0%| F|  |TAMS 0x00000000c4200000, 0x00000000c4200000| Untracked 
|  67|0x00000000c4300000, 0x00000000c4300000, 0x00000000c4400000|  0%| F|  |TAMS 0x00000000c4300000, 0x00000000c4300000| Untracked 
|  68|0x00000000c4400000, 0x00000000c4400000, 0x00000000c4500000|  0%| F|  |TAMS 0x00000000c4400000, 0x00000000c4400000| Untracked 
|  69|0x00000000c4500000, 0x00000000c4500000, 0x00000000c4600000|  0%| F|  |TAMS 0x00000000c4500000, 0x00000000c4500000| Untracked 
|  70|0x00000000c4600000, 0x00000000c4600000, 0x00000000c4700000|  0%| F|  |TAMS 0x00000000c4600000, 0x00000000c4600000| Untracked 
|  71|0x00000000c4700000, 0x00000000c4700000, 0x00000000c4800000|  0%| F|  |TAMS 0x00000000c4700000, 0x00000000c4700000| Untracked 
|  72|0x00000000c4800000, 0x00000000c4800000, 0x00000000c4900000|  0%| F|  |TAMS 0x00000000c4800000, 0x00000000c4800000| Untracked 
|  73|0x00000000c4900000, 0x00000000c4900000, 0x00000000c4a00000|  0%| F|  |TAMS 0x00000000c4900000, 0x00000000c4900000| Untracked 
|  74|0x00000000c4a00000, 0x00000000c4a00000, 0x00000000c4b00000|  0%| F|  |TAMS 0x00000000c4a00000, 0x00000000c4a00000| Untracked 
|  75|0x00000000c4b00000, 0x00000000c4b00000, 0x00000000c4c00000|  0%| F|  |TAMS 0x00000000c4b00000, 0x00000000c4b00000| Untracked 
|  76|0x00000000c4c00000, 0x00000000c4c00000, 0x00000000c4d00000|  0%| F|  |TAMS 0x00000000c4c00000, 0x00000000c4c00000| Untracked 
|  77|0x00000000c4d00000, 0x00000000c4d00000, 0x00000000c4e00000|  0%| F|  |TAMS 0x00000000c4d00000, 0x00000000c4d00000| Untracked 
|  78|0x00000000c4e00000, 0x00000000c4e00000, 0x00000000c4f00000|  0%| F|  |TAMS 0x00000000c4e00000, 0x00000000c4e00000| Untracked 
|  79|0x00000000c4f00000, 0x00000000c4f00000, 0x00000000c5000000|  0%| F|  |TAMS 0x00000000c4f00000, 0x00000000c4f00000| Untracked 
|  80|0x00000000c5000000, 0x00000000c5000000, 0x00000000c5100000|  0%| F|  |TAMS 0x00000000c5000000, 0x00000000c5000000| Untracked 
|  81|0x00000000c5100000, 0x00000000c5100000, 0x00000000c5200000|  0%| F|  |TAMS 0x00000000c5100000, 0x00000000c5100000| Untracked 
|  82|0x00000000c5200000, 0x00000000c5200000, 0x00000000c5300000|  0%| F|  |TAMS 0x00000000c5200000, 0x00000000c5200000| Untracked 
| 102|0x00000000c6600000, 0x00000000c6600000, 0x00000000c6700000|  0%| F|  |TAMS 0x00000000c6600000, 0x00000000c6600000| Untracked 
| 103|0x00000000c6700000, 0x00000000c6700000, 0x00000000c6800000|  0%| F|  |TAMS 0x00000000c6700000, 0x00000000c6700000| Untracked 
| 104|0x00000000c6800000, 0x00000000c6800000, 0x00000000c6900000|  0%| F|  |TAMS 0x00000000c6800000, 0x00000000c6800000| Untracked 
| 106|0x00000000c6a00000, 0x00000000c6a00000, 0x00000000c6b00000|  0%| F|  |TAMS 0x00000000c6a00000, 0x00000000c6a00000| Untracked 
| 107|0x00000000c6b00000, 0x00000000c6b00000, 0x00000000c6c00000|  0%| F|  |TAMS 0x00000000c6b00000, 0x00000000c6b00000| Untracked 
| 127|0x00000000c7f00000, 0x00000000c7f058a8, 0x00000000c8000000|  2%| E|  |TAMS 0x00000000c7f00000, 0x00000000c7f00000| Complete 

Card table byte_map: [0x0000022532130000,0x0000022532330000] _byte_map_base: 0x0000022531b30000

Marking Bits (Prev, Next): (CMBitMap*) 0x000002252c1c4c00, (CMBitMap*) 0x000002252c1c4c40
 Prev Bits: [0x0000022532530000, 0x0000022533530000)
 Next Bits: [0x0000022533530000, 0x0000022534530000)

Polling page: 0x000002252a180000

Metaspace:

Usage:
  Non-class:     52.11 MB used.
      Class:      7.50 MB used.
       Both:     59.61 MB used.

Virtual space:
  Non-class space:       64.00 MB reserved,      52.38 MB ( 82%) committed,  1 nodes.
      Class space:        1.00 GB reserved,       7.69 MB ( <1%) committed,  1 nodes.
             Both:        1.06 GB reserved,      60.06 MB (  6%) committed. 

Chunk freelists:
   Non-Class:  11.24 MB
       Class:  8.33 MB
        Both:  19.57 MB

MaxMetaspaceSize: unlimited
CompressedClassSpaceSize: 1.00 GB
Initial GC threshold: 21.00 MB
Current GC threshold: 100.12 MB
CDS: off
MetaspaceReclaimPolicy: balanced
 - commit_granule_bytes: 65536.
 - commit_granule_words: 8192.
 - virtual_space_node_default_size: 8388608.
 - enlarge_chunks_in_place: 1.
 - new_chunks_are_fully_committed: 0.
 - uncommit_free_chunks: 1.
 - use_allocation_guard: 0.
 - handle_deallocations: 1.


Internal statistics:

num_allocs_failed_limit: 6.
num_arena_births: 834.
num_arena_deaths: 334.
num_vsnodes_births: 2.
num_vsnodes_deaths: 0.
num_space_committed: 960.
num_space_uncommitted: 0.
num_chunks_returned_to_freelist: 387.
num_chunks_taken_from_freelist: 2945.
num_chunk_merges: 129.
num_chunk_splits: 1884.
num_chunks_enlarged: 1350.
num_inconsistent_stats: 0.

CodeCache: size=49152Kb used=15456Kb max_used=15941Kb free=33695Kb
 bounds [0x000002252ee20000, 0x000002252fde0000, 0x0000022531e20000]
 total_blobs=8720 nmethods=8063 adapters=583
 compilation: enabled
              stopped_count=0, restarted_count=0
 full_count=0

Compilation events (20 events):
Event: 21054.904 Thread 0x0000022536ff58a0 8085       1       org.eclipse.jdt.internal.compiler.lookup.Scope::findDefaultAbstractMethod (416 bytes)
Event: 21054.906 Thread 0x0000022536ff58a0 nmethod 8085 0x000002252fbc6610 code [0x000002252fbc6900, 0x000002252fbc7788]
Event: 21054.906 Thread 0x0000022536ff58a0 8090       1       org.eclipse.jdt.internal.compiler.codegen.CodeStream::generateConstant (182 bytes)
Event: 21054.910 Thread 0x0000022536ff58a0 nmethod 8090 0x000002252fbc5b10 code [0x000002252fbc5dc0, 0x000002252fbc62c8]
Event: 21054.911 Thread 0x0000022536ff58a0 8091       1       org.eclipse.jdt.internal.compiler.codegen.StackMapFrameCodeStream::writePosition (15 bytes)
Event: 21054.911 Thread 0x0000022536ff58a0 nmethod 8091 0x000002252fbc5710 code [0x000002252fbc58c0, 0x000002252fbc59d8]
Event: 21054.911 Thread 0x0000022536ff58a0 8089       1       org.eclipse.jdt.internal.compiler.ast.IntLiteral::generateCode (33 bytes)
Event: 21054.914 Thread 0x0000022536ff58a0 nmethod 8089 0x000002252fbc5310 code [0x000002252fbc54c0, 0x000002252fbc5618]
Event: 21054.914 Thread 0x0000022536ff58a0 8092       1       org.eclipse.jdt.internal.compiler.codegen.CodeStream::writePosition (79 bytes)
Event: 21054.916 Thread 0x0000022536ff58a0 nmethod 8092 0x000002252fbc4d90 code [0x000002252fbc4f60, 0x000002252fbc51d8]
Event: 21054.916 Thread 0x0000022536ff58a0 8093       1       org.eclipse.jdt.internal.compiler.codegen.CodeStream::writeSignedShort (44 bytes)
Event: 21054.916 Thread 0x0000022536ff58a0 nmethod 8093 0x000002252fbc4910 code [0x000002252fbc4ac0, 0x000002252fbc4c28]
Event: 21054.916 Thread 0x0000022536ff58a0 8087       1       org.eclipse.jdt.internal.compiler.flow.UnconditionalFlowInfo::addInfoFrom (2009 bytes)
Event: 21054.926 Thread 0x0000022536ff58a0 nmethod 8087 0x000002252fbc0110 code [0x000002252fbc0520, 0x000002252fbc2a28]
Event: 21054.927 Thread 0x0000022536ff58a0 8082       1       org.eclipse.jdt.internal.compiler.lookup.Scope::findMethod (103 bytes)
Event: 21054.928 Thread 0x0000022536ff58a0 nmethod 8082 0x000002252fbbf910 code [0x000002252fbbfb20, 0x000002252fbbfec8]
Event: 21054.928 Thread 0x0000022536ff58a0 8084       1       org.eclipse.jdt.internal.compiler.util.ObjectVector::<init> (36 bytes)
Event: 21054.928 Thread 0x0000022536ff58a0 nmethod 8084 0x000002252fbbf510 code [0x000002252fbbf6a0, 0x000002252fbbf878]
Event: 21054.928 Thread 0x0000022536ff58a0 8088       1       org.eclipse.jdt.internal.compiler.flow.UnconditionalFlowInfo::markAsDefinitelyNonNull (284 bytes)
Event: 21054.931 Thread 0x0000022536ff58a0 nmethod 8088 0x000002252fbbeb10 code [0x000002252fbbed00, 0x000002252fbbf158]

GC Heap History (20 events):
Event: 21255.959 GC heap after
{Heap after GC invocations=1974 (full 1944):
 garbage-first heap   total 91136K, used 41607K [0x00000000c0000000, 0x0000000100000000)
  region size 1024K, 0 young (0K), 0 survivors (0K)
 Metaspace       used 61038K, committed 61504K, reserved 1114112K
  class space    used 7677K, committed 7872K, reserved 1048576K
}
Event: 21266.189 GC heap before
{Heap before GC invocations=1974 (full 1944):
 garbage-first heap   total 91136K, used 41607K [0x00000000c0000000, 0x0000000100000000)
  region size 1024K, 1 young (1024K), 0 survivors (0K)
 Metaspace       used 61038K, committed 61504K, reserved 1114112K
  class space    used 7677K, committed 7872K, reserved 1048576K
}
Event: 21266.240 GC heap after
{Heap after GC invocations=1975 (full 1945):
 garbage-first heap   total 91136K, used 41607K [0x00000000c0000000, 0x0000000100000000)
  region size 1024K, 0 young (0K), 0 survivors (0K)
 Metaspace       used 61038K, committed 61504K, reserved 1114112K
  class space    used 7677K, committed 7872K, reserved 1048576K
}
Event: 21276.578 GC heap before
{Heap before GC invocations=1975 (full 1945):
 garbage-first heap   total 91136K, used 41607K [0x00000000c0000000, 0x0000000100000000)
  region size 1024K, 1 young (1024K), 0 survivors (0K)
 Metaspace       used 61038K, committed 61504K, reserved 1114112K
  class space    used 7677K, committed 7872K, reserved 1048576K
}
Event: 21276.625 GC heap after
{Heap after GC invocations=1976 (full 1946):
 garbage-first heap   total 91136K, used 41607K [0x00000000c0000000, 0x0000000100000000)
  region size 1024K, 0 young (0K), 0 survivors (0K)
 Metaspace       used 61038K, committed 61504K, reserved 1114112K
  class space    used 7677K, committed 7872K, reserved 1048576K
}
Event: 21287.041 GC heap before
{Heap before GC invocations=1976 (full 1946):
 garbage-first heap   total 91136K, used 41607K [0x00000000c0000000, 0x0000000100000000)
  region size 1024K, 1 young (1024K), 0 survivors (0K)
 Metaspace       used 61038K, committed 61504K, reserved 1114112K
  class space    used 7677K, committed 7872K, reserved 1048576K
}
Event: 21287.122 GC heap after
{Heap after GC invocations=1977 (full 1947):
 garbage-first heap   total 91136K, used 41607K [0x00000000c0000000, 0x0000000100000000)
  region size 1024K, 0 young (0K), 0 survivors (0K)
 Metaspace       used 61038K, committed 61504K, reserved 1114112K
  class space    used 7677K, committed 7872K, reserved 1048576K
}
Event: 21297.373 GC heap before
{Heap before GC invocations=1977 (full 1947):
 garbage-first heap   total 91136K, used 41607K [0x00000000c0000000, 0x0000000100000000)
  region size 1024K, 1 young (1024K), 0 survivors (0K)
 Metaspace       used 61038K, committed 61504K, reserved 1114112K
  class space    used 7677K, committed 7872K, reserved 1048576K
}
Event: 21297.426 GC heap after
{Heap after GC invocations=1978 (full 1948):
 garbage-first heap   total 91136K, used 41607K [0x00000000c0000000, 0x0000000100000000)
  region size 1024K, 0 young (0K), 0 survivors (0K)
 Metaspace       used 61038K, committed 61504K, reserved 1114112K
  class space    used 7677K, committed 7872K, reserved 1048576K
}
Event: 21307.689 GC heap before
{Heap before GC invocations=1978 (full 1948):
 garbage-first heap   total 91136K, used 41607K [0x00000000c0000000, 0x0000000100000000)
  region size 1024K, 1 young (1024K), 0 survivors (0K)
 Metaspace       used 61038K, committed 61504K, reserved 1114112K
  class space    used 7677K, committed 7872K, reserved 1048576K
}
Event: 21307.737 GC heap after
{Heap after GC invocations=1979 (full 1949):
 garbage-first heap   total 91136K, used 41607K [0x00000000c0000000, 0x0000000100000000)
  region size 1024K, 0 young (0K), 0 survivors (0K)
 Metaspace       used 61038K, committed 61504K, reserved 1114112K
  class space    used 7677K, committed 7872K, reserved 1048576K
}
Event: 21318.296 GC heap before
{Heap before GC invocations=1979 (full 1949):
 garbage-first heap   total 91136K, used 41607K [0x00000000c0000000, 0x0000000100000000)
  region size 1024K, 1 young (1024K), 0 survivors (0K)
 Metaspace       used 61038K, committed 61504K, reserved 1114112K
  class space    used 7677K, committed 7872K, reserved 1048576K
}
Event: 21318.361 GC heap after
{Heap after GC invocations=1980 (full 1950):
 garbage-first heap   total 91136K, used 41607K [0x00000000c0000000, 0x0000000100000000)
  region size 1024K, 0 young (0K), 0 survivors (0K)
 Metaspace       used 61038K, committed 61504K, reserved 1114112K
  class space    used 7677K, committed 7872K, reserved 1048576K
}
Event: 21328.578 GC heap before
{Heap before GC invocations=1980 (full 1950):
 garbage-first heap   total 91136K, used 41607K [0x00000000c0000000, 0x0000000100000000)
  region size 1024K, 1 young (1024K), 0 survivors (0K)
 Metaspace       used 61038K, committed 61504K, reserved 1114112K
  class space    used 7677K, committed 7872K, reserved 1048576K
}
Event: 21328.633 GC heap after
{Heap after GC invocations=1981 (full 1951):
 garbage-first heap   total 91136K, used 41607K [0x00000000c0000000, 0x0000000100000000)
  region size 1024K, 0 young (0K), 0 survivors (0K)
 Metaspace       used 61038K, committed 61504K, reserved 1114112K
  class space    used 7677K, committed 7872K, reserved 1048576K
}
Event: 21339.104 GC heap before
{Heap before GC invocations=1981 (full 1951):
 garbage-first heap   total 91136K, used 41607K [0x00000000c0000000, 0x0000000100000000)
  region size 1024K, 1 young (1024K), 0 survivors (0K)
 Metaspace       used 61038K, committed 61504K, reserved 1114112K
  class space    used 7677K, committed 7872K, reserved 1048576K
}
Event: 21339.221 GC heap after
{Heap after GC invocations=1982 (full 1952):
 garbage-first heap   total 91136K, used 41607K [0x00000000c0000000, 0x0000000100000000)
  region size 1024K, 0 young (0K), 0 survivors (0K)
 Metaspace       used 61038K, committed 61504K, reserved 1114112K
  class space    used 7677K, committed 7872K, reserved 1048576K
}
Event: 21349.610 GC heap before
{Heap before GC invocations=1982 (full 1952):
 garbage-first heap   total 91136K, used 41607K [0x00000000c0000000, 0x0000000100000000)
  region size 1024K, 1 young (1024K), 0 survivors (0K)
 Metaspace       used 61038K, committed 61504K, reserved 1114112K
  class space    used 7677K, committed 7872K, reserved 1048576K
}
Event: 21349.692 GC heap after
{Heap after GC invocations=1983 (full 1953):
 garbage-first heap   total 91136K, used 41607K [0x00000000c0000000, 0x0000000100000000)
  region size 1024K, 0 young (0K), 0 survivors (0K)
 Metaspace       used 61038K, committed 61504K, reserved 1114112K
  class space    used 7677K, committed 7872K, reserved 1048576K
}
Event: 21359.742 GC heap before
{Heap before GC invocations=1983 (full 1953):
 garbage-first heap   total 91136K, used 41607K [0x00000000c0000000, 0x0000000100000000)
  region size 1024K, 1 young (1024K), 0 survivors (0K)
 Metaspace       used 61038K, committed 61504K, reserved 1114112K
  class space    used 7677K, committed 7872K, reserved 1048576K
}

Dll operation events (10 events):
Event: 0.058 Loaded shared library c:\Users\aniln\.vscode\extensions\redhat.java-1.35.1-win32-x64\jre\17.0.12-win32-x86_64\bin\java.dll
Event: 1.047 Loaded shared library C:\Users\aniln\.vscode\extensions\redhat.java-1.35.1-win32-x64\jre\17.0.12-win32-x86_64\bin\net.dll
Event: 1.075 Loaded shared library C:\Users\aniln\.vscode\extensions\redhat.java-1.35.1-win32-x64\jre\17.0.12-win32-x86_64\bin\nio.dll
Event: 1.227 Loaded shared library C:\Users\aniln\.vscode\extensions\redhat.java-1.35.1-win32-x64\jre\17.0.12-win32-x86_64\bin\zip.dll
Event: 2.762 Loaded shared library C:\Users\aniln\.vscode\extensions\redhat.java-1.35.1-win32-x64\jre\17.0.12-win32-x86_64\bin\jimage.dll
Event: 6.211 Loaded shared library c:\Users\aniln\.vscode\extensions\redhat.java-1.35.1-win32-x64\jre\17.0.12-win32-x86_64\bin\verify.dll
Event: 12.677 Loaded shared library C:\Users\aniln\.vscode\extensions\redhat.java-1.35.1-win32-x64\jre\17.0.12-win32-x86_64\bin\management.dll
Event: 12.692 Loaded shared library C:\Users\aniln\.vscode\extensions\redhat.java-1.35.1-win32-x64\jre\17.0.12-win32-x86_64\bin\management_ext.dll
Event: 14.642 Loaded shared library C:\Users\aniln\.vscode\extensions\redhat.java-1.35.1-win32-x64\jre\17.0.12-win32-x86_64\bin\sunmscapi.dll
Event: 15.076 Loaded shared library C:\Users\aniln\.vscode\extensions\redhat.java-1.35.1-win32-x64\jre\17.0.12-win32-x86_64\bin\extnet.dll

Deoptimization events (20 events):
Event: 14.712 Thread 0x000002253ce78fc0 DEOPT PACKING pc=0x000002252f2c780c sp=0x000000a9466fa7e0
Event: 14.712 Thread 0x000002253ce78fc0 DEOPT UNPACKING pc=0x000002252ee77143 sp=0x000000a9466f9ca8 mode 0
Event: 16.845 Thread 0x000002253ce799e0 DEOPT PACKING pc=0x000002252f4fc6a4 sp=0x000000a945efeee0
Event: 16.845 Thread 0x000002253ce799e0 DEOPT UNPACKING pc=0x000002252ee77143 sp=0x000000a945efe3c8 mode 0
Event: 16.846 Thread 0x000002253ce7a400 DEOPT PACKING pc=0x000002252f4fc6a4 sp=0x000000a9461fec80
Event: 16.846 Thread 0x000002253ce7a400 DEOPT UNPACKING pc=0x000002252ee77143 sp=0x000000a9461fe168 mode 0
Event: 106.723 Thread 0x000002253c74adb0 DEOPT PACKING pc=0x000002252f7dd6d4 sp=0x000000a9455fed80
Event: 106.723 Thread 0x000002253c74adb0 DEOPT UNPACKING pc=0x000002252ee77143 sp=0x000000a9455fe228 mode 0
Event: 18878.295 Thread 0x000002253c749e80 DEOPT PACKING pc=0x000002252f793c0c sp=0x000000a945bfe300
Event: 18878.295 Thread 0x000002253c749e80 DEOPT UNPACKING pc=0x000002252ee77143 sp=0x000000a945bfd868 mode 0
Event: 18878.295 Thread 0x000002253c749e80 DEOPT PACKING pc=0x000002252f059c4c sp=0x000000a945bfe430
Event: 18878.296 Thread 0x000002253c749e80 DEOPT UNPACKING pc=0x000002252ee77143 sp=0x000000a945bfd910 mode 0
Event: 18878.296 Thread 0x000002253c749e80 DEOPT PACKING pc=0x000002252f793c0c sp=0x000000a945bfe560
Event: 18878.296 Thread 0x000002253c749e80 DEOPT UNPACKING pc=0x000002252ee77143 sp=0x000000a945bfdac8 mode 0
Event: 18878.296 Thread 0x000002253c749e80 DEOPT PACKING pc=0x000002252f059c4c sp=0x000000a945bfe690
Event: 18878.296 Thread 0x000002253c749e80 DEOPT UNPACKING pc=0x000002252ee77143 sp=0x000000a945bfdb88 mode 0
Event: 18878.302 Thread 0x000002253c749e80 DEOPT PACKING pc=0x000002252f793c0c sp=0x000000a945bfea00
Event: 18878.302 Thread 0x000002253c749e80 DEOPT UNPACKING pc=0x000002252ee77143 sp=0x000000a945bfdf68 mode 0
Event: 18878.302 Thread 0x000002253c749e80 DEOPT PACKING pc=0x000002252f059c4c sp=0x000000a945bfeb30
Event: 18878.302 Thread 0x000002253c749e80 DEOPT UNPACKING pc=0x000002252ee77143 sp=0x000000a945bfe028 mode 0

Classes loaded (20 events):
Event: 18863.637 Loading class java/util/concurrent/ConcurrentHashMap$TreeBin
Event: 18863.662 Loading class java/util/concurrent/ConcurrentHashMap$TreeBin done
Event: 18876.770 Loading class java/util/concurrent/CompletableFuture$DelayedExecutor
Event: 18876.776 Loading class java/util/concurrent/CompletableFuture$DelayedExecutor done
Event: 18876.776 Loading class java/util/concurrent/CompletableFuture$TaskSubmitter
Event: 18876.776 Loading class java/util/concurrent/CompletableFuture$TaskSubmitter done
Event: 18876.776 Loading class java/util/concurrent/CompletableFuture$Delayer
Event: 18876.780 Loading class java/util/concurrent/CompletableFuture$Delayer done
Event: 18876.780 Loading class java/util/concurrent/CompletableFuture$Delayer$DaemonThreadFactory
Event: 18876.783 Loading class java/util/concurrent/CompletableFuture$Delayer$DaemonThreadFactory done
Event: 18877.438 Loading class sun/nio/cs/ThreadLocalCoders
Event: 18877.444 Loading class sun/nio/cs/ThreadLocalCoders done
Event: 18877.445 Loading class sun/nio/cs/ThreadLocalCoders$1
Event: 18877.448 Loading class sun/nio/cs/ThreadLocalCoders$Cache
Event: 18877.462 Loading class sun/nio/cs/ThreadLocalCoders$Cache done
Event: 18877.462 Loading class sun/nio/cs/ThreadLocalCoders$1 done
Event: 18877.462 Loading class sun/nio/cs/ThreadLocalCoders$2
Event: 18877.463 Loading class sun/nio/cs/ThreadLocalCoders$2 done
Event: 18878.068 Loading class java/util/Hashtable$ValueCollection
Event: 18878.071 Loading class java/util/Hashtable$ValueCollection done

Classes unloaded (20 events):
Event: 17032.664 Thread 0x0000022536fb9400 Unloading class 0x0000000100792400 'java/lang/invoke/LambdaForm$MH+0x0000000100792400'
Event: 17032.664 Thread 0x0000022536fb9400 Unloading class 0x0000000100792000 'java/lang/invoke/LambdaForm$MH+0x0000000100792000'
Event: 17032.664 Thread 0x0000022536fb9400 Unloading class 0x0000000100791800 'java/lang/invoke/LambdaForm$MH+0x0000000100791800'
Event: 17032.664 Thread 0x0000022536fb9400 Unloading class 0x0000000100791400 'java/lang/invoke/LambdaForm$MH+0x0000000100791400'
Event: 17032.664 Thread 0x0000022536fb9400 Unloading class 0x0000000100790c00 'java/lang/invoke/LambdaForm$MH+0x0000000100790c00'
Event: 17032.664 Thread 0x0000022536fb9400 Unloading class 0x0000000100790800 'java/lang/invoke/LambdaForm$MH+0x0000000100790800'
Event: 17032.664 Thread 0x0000022536fb9400 Unloading class 0x0000000100790400 'java/lang/invoke/LambdaForm$MH+0x0000000100790400'
Event: 18882.177 Thread 0x0000022536fb9400 Unloading class 0x0000000100799400 'java/lang/invoke/LambdaForm$MH+0x0000000100799400'
Event: 18882.177 Thread 0x0000022536fb9400 Unloading class 0x0000000100799000 'java/lang/invoke/LambdaForm$MH+0x0000000100799000'
Event: 18882.177 Thread 0x0000022536fb9400 Unloading class 0x0000000100793800 'java/lang/invoke/LambdaForm$MH+0x0000000100793800'
Event: 18882.178 Thread 0x0000022536fb9400 Unloading class 0x0000000100793400 'java/lang/invoke/LambdaForm$MH+0x0000000100793400'
Event: 18882.178 Thread 0x0000022536fb9400 Unloading class 0x0000000100793000 'java/lang/invoke/LambdaForm$MH+0x0000000100793000'
Event: 18943.188 Thread 0x0000022536fb9400 Unloading class 0x00000001007a5400 'java/lang/invoke/LambdaForm$MH+0x00000001007a5400'
Event: 18943.188 Thread 0x0000022536fb9400 Unloading class 0x00000001007a5000 'java/lang/invoke/LambdaForm$MH+0x00000001007a5000'
Event: 18943.189 Thread 0x0000022536fb9400 Unloading class 0x00000001007a4c00 'java/lang/invoke/LambdaForm$MH+0x00000001007a4c00'
Event: 18943.189 Thread 0x0000022536fb9400 Unloading class 0x00000001007a4800 'java/lang/invoke/LambdaForm$MH+0x00000001007a4800'
Event: 18943.189 Thread 0x0000022536fb9400 Unloading class 0x00000001007a4400 'java/lang/invoke/LambdaForm$MH+0x00000001007a4400'
Event: 18943.189 Thread 0x0000022536fb9400 Unloading class 0x00000001007a4000 'java/lang/invoke/LambdaForm$MH+0x00000001007a4000'
Event: 18943.189 Thread 0x0000022536fb9400 Unloading class 0x0000000100798c00 'java/lang/invoke/LambdaForm$MH+0x0000000100798c00'
Event: 18943.189 Thread 0x0000022536fb9400 Unloading class 0x0000000100798800 'java/lang/invoke/LambdaForm$MH+0x0000000100798800'

Classes redefined (0 events):
No events

Internal exceptions (20 events):
Event: 14.545 Thread 0x000002253ce78fc0 Exception <a 'java/lang/NoSuchMethodError'{0x00000000c3479058}: 'void java.lang.invoke.DirectMethodHandle$Holder.invokeVirtual(java.lang.Object, java.lang.Object, java.lang.Object, java.lang.Object)'> (0x00000000c3479058) 
thrown [s\src\hotspot\share\interpreter\linkResolver.cpp, line 759]
Event: 14.614 Thread 0x000002253ce78fc0 Exception <a 'java/lang/NoSuchMethodError'{0x00000000c7f4e750}: 'java.lang.Object java.lang.invoke.DirectMethodHandle$Holder.invokeStaticInit(java.lang.Object, java.lang.Object, int)'> (0x00000000c7f4e750) 
thrown [s\src\hotspot\share\interpreter\linkResolver.cpp, line 759]
Event: 14.615 Thread 0x000002253ce78fc0 Exception <a 'java/lang/NoSuchMethodError'{0x00000000c7f54978}: 'java.lang.Object java.lang.invoke.DirectMethodHandle$Holder.newInvokeSpecial(java.lang.Object, java.lang.Object, int)'> (0x00000000c7f54978) 
thrown [s\src\hotspot\share\interpreter\linkResolver.cpp, line 759]
Event: 14.624 Thread 0x000002253ce78fc0 Exception <a 'java/lang/NoSuchMethodError'{0x00000000c7fa9bd8}: 'int java.lang.invoke.DirectMethodHandle$Holder.invokeSpecialIFC(java.lang.Object, java.lang.Object, java.lang.Object)'> (0x00000000c7fa9bd8) 
thrown [s\src\hotspot\share\interpreter\linkResolver.cpp, line 759]
Event: 14.627 Thread 0x000002253ce7c260 Exception <a 'java/lang/NoSuchMethodError'{0x00000000c7f83768}: 'java.lang.Object java.lang.invoke.Invokers$Holder.invoke_MT(java.lang.Object, java.lang.Object, java.lang.Object)'> (0x00000000c7f83768) 
thrown [s\src\hotspot\share\interpreter\linkResolver.cpp, line 759]
Event: 14.702 Thread 0x000002253ce78fc0 Exception <a 'sun/nio/fs/WindowsException'{0x00000000c6797358}> (0x00000000c6797358) 
thrown [s\src\hotspot\share\prims\jni.cpp, line 516]
Event: 15.241 Thread 0x000002253ce78fc0 Exception <a 'java/lang/NoSuchMethodError'{0x00000000c40da558}: 'void java.lang.invoke.DirectMethodHandle$Holder.invokeStatic(java.lang.Object, java.lang.Object, java.lang.Object, java.lang.Object, java.lang.Object, java.lang.Object, java.lang.Object)'> (0x00000000c40da558) 
thrown [s\src\hotspot\share\interpreter\linkResolver.cpp, line 759]
Event: 15.405 Thread 0x000002253ce7a910 Exception <a 'java/lang/NoSuchMethodError'{0x00000000c6b9b528}: 'int java.lang.invoke.DirectMethodHandle$Holder.invokeStatic(java.lang.Object, int, java.lang.Object)'> (0x00000000c6b9b528) 
thrown [s\src\hotspot\share\interpreter\linkResolver.cpp, line 759]
Event: 15.558 Thread 0x000002253ce7c770 Exception <a 'java/lang/NoSuchMethodError'{0x00000000c4228b40}: 'void java.lang.invoke.DirectMethodHandle$Holder.invokeInterface(java.lang.Object, java.lang.Object)'> (0x00000000c4228b40) 
thrown [s\src\hotspot\share\interpreter\linkResolver.cpp, line 759]
Event: 15.858 Thread 0x000002253ce7c260 Exception <a 'java/lang/IncompatibleClassChangeError'{0x00000000c6a93228}: Found class java.lang.Object, but interface was expected> (0x00000000c6a93228) 
thrown [s\src\hotspot\share\interpreter\linkResolver.cpp, line 826]
Event: 16.411 Thread 0x000002253ce7c260 Exception <a 'java/lang/NoSuchMethodError'{0x00000000c3c796a8}: 'java.lang.Object java.lang.invoke.DirectMethodHandle$Holder.newInvokeSpecial(java.lang.Object, java.lang.Object, int, java.lang.Object)'> (0x00000000c3c796a8) 
thrown [s\src\hotspot\share\interpreter\linkResolver.cpp, line 759]
Event: 16.411 Thread 0x000002253ce7c260 Exception <a 'java/lang/NoSuchMethodError'{0x00000000c3c7d270}: 'java.lang.Object java.lang.invoke.Invokers$Holder.linkToTargetMethod(java.lang.Object, int, java.lang.Object, java.lang.Object)'> (0x00000000c3c7d270) 
thrown [s\src\hotspot\share\interpreter\linkResolver.cpp, line 759]
Event: 16.413 Thread 0x000002253ce7c260 Exception <a 'java/lang/NoSuchMethodError'{0x00000000c3c80c40}: 'void java.lang.invoke.DirectMethodHandle$Holder.invokeStatic(java.lang.Object, int, java.lang.Object)'> (0x00000000c3c80c40) 
thrown [s\src\hotspot\share\interpreter\linkResolver.cpp, line 759]
Event: 62.648 Thread 0x000002253c748530 Exception <a 'java/lang/NoSuchMethodError'{0x00000000c4646e78}: 'void java.lang.invoke.DirectMethodHandle$Holder.invokeStatic(java.lang.Object, long)'> (0x00000000c4646e78) 
thrown [s\src\hotspot\share\interpreter\linkResolver.cpp, line 759]
Event: 62.649 Thread 0x000002253c748530 Exception <a 'java/lang/NoSuchMethodError'{0x00000000c45866d0}: 'java.lang.Object java.lang.invoke.DirectMethodHandle$Holder.newInvokeSpecial(java.lang.Object, long)'> (0x00000000c45866d0) 
thrown [s\src\hotspot\share\interpreter\linkResolver.cpp, line 759]
Event: 1391.919 Thread 0x000002253c749970 Exception <a 'sun/nio/fs/WindowsException'{0x00000000c67b31c8}> (0x00000000c67b31c8) 
thrown [s\src\hotspot\share\prims\jni.cpp, line 516]
Event: 1391.921 Thread 0x000002253c749970 Exception <a 'sun/nio/fs/WindowsException'{0x00000000c67b3870}> (0x00000000c67b3870) 
thrown [s\src\hotspot\share\prims\jni.cpp, line 516]
Event: 2945.150 Thread 0x000002253ce7c260 Exception <a 'java/lang/ArrayIndexOutOfBoundsException'{0x00000000c47e1368}: Index 7 out of bounds for length 7> (0x00000000c47e1368) 
thrown [s\src\hotspot\share\interpreter\interpreterRuntime.cpp, line 428]
Event: 16975.818 Thread 0x000002253ce794d0 Implicit null exception at 0x000002252f8d2206 to 0x000002252f8d2288
Event: 16975.820 Thread 0x000002253ce794d0 Exception <a 'java/lang/NullPointerException'{0x00000000c47b9010}> (0x00000000c47b9010) 
thrown [s\src\hotspot\share\runtime\sharedRuntime.cpp, line 631]

VM Operations (20 events):
Event: 21255.959 Executing VM operation: G1CollectFull done
Event: 21266.189 Executing VM operation: G1CollectFull
Event: 21266.240 Executing VM operation: G1CollectFull done
Event: 21276.578 Executing VM operation: G1CollectFull
Event: 21276.625 Executing VM operation: G1CollectFull done
Event: 21287.041 Executing VM operation: G1CollectFull
Event: 21287.122 Executing VM operation: G1CollectFull done
Event: 21297.373 Executing VM operation: G1CollectFull
Event: 21297.426 Executing VM operation: G1CollectFull done
Event: 21307.689 Executing VM operation: G1CollectFull
Event: 21307.737 Executing VM operation: G1CollectFull done
Event: 21318.296 Executing VM operation: G1CollectFull
Event: 21318.361 Executing VM operation: G1CollectFull done
Event: 21328.577 Executing VM operation: G1CollectFull
Event: 21328.633 Executing VM operation: G1CollectFull done
Event: 21339.104 Executing VM operation: G1CollectFull
Event: 21339.221 Executing VM operation: G1CollectFull done
Event: 21349.609 Executing VM operation: G1CollectFull
Event: 21349.692 Executing VM operation: G1CollectFull done
Event: 21359.742 Executing VM operation: G1CollectFull

Events (20 events):
Event: 18876.786 Thread 0x000002253ce7c770 Thread added: 0x000002253ce7c770
Event: 18878.300 Thread 0x000002253d3df780 Thread added: 0x000002253d3df780
Event: 18887.246 Thread 0x000002253ce79ef0 Thread exited: 0x000002253ce79ef0
Event: 18887.246 Thread 0x000002253ce7b330 Thread exited: 0x000002253ce7b330
Event: 18887.280 Thread 0x000002253ce794d0 Thread exited: 0x000002253ce794d0
Event: 18887.622 Thread 0x000002253d3df780 Thread exited: 0x000002253d3df780
Event: 18911.253 Thread 0x000002253ce7b840 Thread exited: 0x000002253ce7b840
Event: 18917.733 Thread 0x000002253ce7a400 Thread exited: 0x000002253ce7a400
Event: 18917.734 Thread 0x000002253ce76c50 Thread exited: 0x000002253ce76c50
Event: 18917.747 Thread 0x000002253ce7bd50 Thread exited: 0x000002253ce7bd50
Event: 18919.754 Thread 0x000002253ce77160 Thread exited: 0x000002253ce77160
Event: 18936.032 Thread 0x000002253ce7c260 Thread exited: 0x000002253ce7c260
Event: 18942.625 Thread 0x000002253ce7ae20 Thread exited: 0x000002253ce7ae20
Event: 18945.335 Thread 0x000002253ce7a910 Thread exited: 0x000002253ce7a910
Event: 18950.531 Thread 0x000002253ce7cc80 Thread exited: 0x000002253ce7cc80
Event: 19005.344 Thread 0x000002253ce7d6a0 Thread exited: 0x000002253ce7d6a0
Event: 21054.520 Thread 0x000002253ce794d0 Thread added: 0x000002253ce794d0
Event: 21054.574 Thread 0x000002253ce7bd50 Thread added: 0x000002253ce7bd50
Event: 21114.946 Thread 0x000002253ce7bd50 Thread exited: 0x000002253ce7bd50
Event: 21114.956 Thread 0x000002253ce794d0 Thread exited: 0x000002253ce794d0


Dynamic libraries:
0x00007ff7a4300000 - 0x00007ff7a430e000 	c:\Users\aniln\.vscode\extensions\redhat.java-1.35.1-win32-x64\jre\17.0.12-win32-x86_64\bin\java.exe
0x00007fffa1770000 - 0x00007fffa1987000 	C:\WINDOWS\SYSTEM32\ntdll.dll
0x00007fffa02b0000 - 0x00007fffa0374000 	C:\WINDOWS\System32\KERNEL32.DLL
0x00007fff9ec90000 - 0x00007fff9f047000 	C:\WINDOWS\System32\KERNELBASE.dll
0x00007fff9eb40000 - 0x00007fff9ec51000 	C:\WINDOWS\System32\ucrtbase.dll
0x00007fff84510000 - 0x00007fff84527000 	c:\Users\aniln\.vscode\extensions\redhat.java-1.35.1-win32-x64\jre\17.0.12-win32-x86_64\bin\jli.dll
0x00007fff9fe00000 - 0x00007fff9ffaf000 	C:\WINDOWS\System32\USER32.dll
0x00007fff9f470000 - 0x00007fff9f496000 	C:\WINDOWS\System32\win32u.dll
0x00007fffa1400000 - 0x00007fffa1429000 	C:\WINDOWS\System32\GDI32.dll
0x00007fff9f1e0000 - 0x00007fff9f2f8000 	C:\WINDOWS\System32\gdi32full.dll
0x00007fff9f0d0000 - 0x00007fff9f16a000 	C:\WINDOWS\System32\msvcp_win.dll
0x00007fff83dd0000 - 0x00007fff83deb000 	c:\Users\aniln\.vscode\extensions\redhat.java-1.35.1-win32-x64\jre\17.0.12-win32-x86_64\bin\VCRUNTIME140.dll
0x00007fff80760000 - 0x00007fff809f3000 	C:\WINDOWS\WinSxS\amd64_microsoft.windows.common-controls_6595b64144ccf1df_6.0.22621.3672_none_2713b9d173822955\COMCTL32.dll
0x00007fff9f9c0000 - 0x00007fff9fa67000 	C:\WINDOWS\System32\msvcrt.dll
0x00007fff9fa90000 - 0x00007fff9fac1000 	C:\WINDOWS\System32\IMM32.DLL
0x00007fff8f070000 - 0x00007fff8f07c000 	c:\Users\aniln\.vscode\extensions\redhat.java-1.35.1-win32-x64\jre\17.0.12-win32-x86_64\bin\vcruntime140_1.dll
0x00007fff61e30000 - 0x00007fff61ebd000 	c:\Users\aniln\.vscode\extensions\redhat.java-1.35.1-win32-x64\jre\17.0.12-win32-x86_64\bin\msvcp140.dll
0x00007fff47db0000 - 0x00007fff48a1a000 	c:\Users\aniln\.vscode\extensions\redhat.java-1.35.1-win32-x64\jre\17.0.12-win32-x86_64\bin\server\jvm.dll
0x00007fffa1590000 - 0x00007fffa1642000 	C:\WINDOWS\System32\ADVAPI32.dll
0x00007fffa0040000 - 0x00007fffa00e8000 	C:\WINDOWS\System32\sechost.dll
0x00007fff9ec60000 - 0x00007fff9ec88000 	C:\WINDOWS\System32\bcrypt.dll
0x00007fff9f550000 - 0x00007fff9f664000 	C:\WINDOWS\System32\RPCRT4.dll
0x00007fff9fad0000 - 0x00007fff9fb41000 	C:\WINDOWS\System32\WS2_32.dll
0x00007fff9e8a0000 - 0x00007fff9e8ed000 	C:\WINDOWS\SYSTEM32\POWRPROF.dll
0x00007fff98da0000 - 0x00007fff98dd4000 	C:\WINDOWS\SYSTEM32\WINMM.dll
0x00007fff98d30000 - 0x00007fff98d3a000 	C:\WINDOWS\SYSTEM32\VERSION.dll
0x00007fff9e780000 - 0x00007fff9e793000 	C:\WINDOWS\SYSTEM32\UMPDC.dll
0x00007fff9da90000 - 0x00007fff9daa8000 	C:\WINDOWS\SYSTEM32\kernel.appcore.dll
0x00007fff8f050000 - 0x00007fff8f05a000 	c:\Users\aniln\.vscode\extensions\redhat.java-1.35.1-win32-x64\jre\17.0.12-win32-x86_64\bin\jimage.dll
0x00007fff9c310000 - 0x00007fff9c542000 	C:\WINDOWS\SYSTEM32\DBGHELP.DLL
0x00007fffa1070000 - 0x00007fffa13fe000 	C:\WINDOWS\System32\combase.dll
0x00007fff9fd20000 - 0x00007fff9fdf7000 	C:\WINDOWS\System32\OLEAUT32.dll
0x00007fff80410000 - 0x00007fff80442000 	C:\WINDOWS\SYSTEM32\dbgcore.DLL
0x00007fff9f050000 - 0x00007fff9f0cb000 	C:\WINDOWS\System32\bcryptPrimitives.dll
0x00007fff83ca0000 - 0x00007fff83cc5000 	c:\Users\aniln\.vscode\extensions\redhat.java-1.35.1-win32-x64\jre\17.0.12-win32-x86_64\bin\java.dll
0x00007fff83db0000 - 0x00007fff83dc8000 	c:\Users\aniln\.vscode\extensions\redhat.java-1.35.1-win32-x64\jre\17.0.12-win32-x86_64\bin\zip.dll
0x00007fffa0800000 - 0x00007fffa1069000 	C:\WINDOWS\System32\SHELL32.dll
0x00007fff9c9a0000 - 0x00007fff9d29f000 	C:\WINDOWS\SYSTEM32\windows.storage.dll
0x00007fff9c860000 - 0x00007fff9c99f000 	C:\WINDOWS\SYSTEM32\wintypes.dll
0x00007fff9f8c0000 - 0x00007fff9f9b9000 	C:\WINDOWS\System32\SHCORE.dll
0x00007fff9f4a0000 - 0x00007fff9f4fe000 	C:\WINDOWS\System32\shlwapi.dll
0x00007fff9e9b0000 - 0x00007fff9e9d7000 	C:\WINDOWS\SYSTEM32\profapi.dll
0x00007fff83d30000 - 0x00007fff83d49000 	C:\Users\aniln\.vscode\extensions\redhat.java-1.35.1-win32-x64\jre\17.0.12-win32-x86_64\bin\net.dll
0x00007fff99120000 - 0x00007fff99256000 	C:\WINDOWS\SYSTEM32\WINHTTP.dll
0x00007fff9df00000 - 0x00007fff9df69000 	C:\WINDOWS\system32\mswsock.dll
0x00007fff83c50000 - 0x00007fff83c66000 	C:\Users\aniln\.vscode\extensions\redhat.java-1.35.1-win32-x64\jre\17.0.12-win32-x86_64\bin\nio.dll
0x00007fff83c90000 - 0x00007fff83ca0000 	c:\Users\aniln\.vscode\extensions\redhat.java-1.35.1-win32-x64\jre\17.0.12-win32-x86_64\bin\verify.dll
0x00007fff9e140000 - 0x00007fff9e15b000 	C:\WINDOWS\SYSTEM32\CRYPTSP.dll
0x00007fff9d9f0000 - 0x00007fff9da25000 	C:\WINDOWS\system32\rsaenh.dll
0x00007fff9dfc0000 - 0x00007fff9dfe8000 	C:\WINDOWS\SYSTEM32\USERENV.dll
0x00007fff9e130000 - 0x00007fff9e13c000 	C:\WINDOWS\SYSTEM32\CRYPTBASE.dll
0x00007fff9d500000 - 0x00007fff9d52d000 	C:\WINDOWS\SYSTEM32\IPHLPAPI.DLL
0x00007fff9fa70000 - 0x00007fff9fa79000 	C:\WINDOWS\System32\NSI.dll
0x00007fff98d80000 - 0x00007fff98d99000 	C:\WINDOWS\SYSTEM32\dhcpcsvc6.DLL
0x00007fff98d40000 - 0x00007fff98d5f000 	C:\WINDOWS\SYSTEM32\dhcpcsvc.DLL
0x00007fff9d570000 - 0x00007fff9d672000 	C:\WINDOWS\SYSTEM32\DNSAPI.dll
0x00007fff84e50000 - 0x00007fff84e59000 	C:\Users\aniln\.vscode\extensions\redhat.java-1.35.1-win32-x64\jre\17.0.12-win32-x86_64\bin\management.dll
0x00007fff846a0000 - 0x00007fff846ab000 	C:\Users\aniln\.vscode\extensions\redhat.java-1.35.1-win32-x64\jre\17.0.12-win32-x86_64\bin\management_ext.dll
0x00007fffa1720000 - 0x00007fffa1728000 	C:\WINDOWS\System32\PSAPI.DLL
0x00007fff84610000 - 0x00007fff8461e000 	C:\Users\aniln\.vscode\extensions\redhat.java-1.35.1-win32-x64\jre\17.0.12-win32-x86_64\bin\sunmscapi.dll
0x00007fff9f300000 - 0x00007fff9f466000 	C:\WINDOWS\System32\CRYPT32.dll
0x00007fff9e350000 - 0x00007fff9e37d000 	C:\WINDOWS\SYSTEM32\ncrypt.dll
0x00007fff9e310000 - 0x00007fff9e347000 	C:\WINDOWS\SYSTEM32\NTASN1.dll
0x00007fff53f70000 - 0x00007fff53f78000 	C:\WINDOWS\system32\wshunix.dll
0x00007fff842a0000 - 0x00007fff842a9000 	C:\Users\aniln\.vscode\extensions\redhat.java-1.35.1-win32-x64\jre\17.0.12-win32-x86_64\bin\extnet.dll
0x00007fff975f0000 - 0x00007fff975fa000 	C:\Windows\System32\rasadhlp.dll
0x00007fff963e0000 - 0x00007fff96463000 	C:\WINDOWS\System32\fwpuclnt.dll

dbghelp: loaded successfully - version: 4.0.5 - missing functions: none
symbol engine: initialized successfully - sym options: 0x614 - pdb path: .;c:\Users\aniln\.vscode\extensions\redhat.java-1.35.1-win32-x64\jre\17.0.12-win32-x86_64\bin;C:\WINDOWS\SYSTEM32;C:\WINDOWS\WinSxS\amd64_microsoft.windows.common-controls_6595b64144ccf1df_6.0.22621.3672_none_2713b9d173822955;c:\Users\aniln\.vscode\extensions\redhat.java-1.35.1-win32-x64\jre\17.0.12-win32-x86_64\bin\server

VM Arguments:
jvm_args: -Xmx1024m -Dsts.lsp.client=vscode -Dsts.log.file=/dev/null -XX:TieredStopAtLevel=1 -Xlog:jni+resolve=off 
java_command: c:\Users\aniln\.vscode\extensions\vmware.vscode-spring-boot-1.57.0\language-server\spring-boot-language-server-1.57.0-SNAPSHOT-exec.jar
java_class_path (initial): c:\Users\aniln\.vscode\extensions\vmware.vscode-spring-boot-1.57.0\language-server\spring-boot-language-server-1.57.0-SNAPSHOT-exec.jar
Launcher Type: SUN_STANDARD

[Global flags]
     intx CICompilerCount                          = 4                                         {product} {ergonomic}
     uint ConcGCThreads                            = 2                                         {product} {ergonomic}
     uint G1ConcRefinementThreads                  = 8                                         {product} {ergonomic}
   size_t G1HeapRegionSize                         = 1048576                                   {product} {ergonomic}
    uintx GCDrainStackTargetSize                   = 64                                        {product} {ergonomic}
   size_t InitialHeapSize                          = 134217728                                 {product} {ergonomic}
   size_t MarkStackSize                            = 4194304                                   {product} {ergonomic}
   size_t MaxHeapSize                              = 1073741824                                {product} {command line}
   size_t MaxNewSize                               = 643825664                                 {product} {ergonomic}
   size_t MinHeapDeltaBytes                        = 1048576                                   {product} {ergonomic}
   size_t MinHeapSize                              = 8388608                                   {product} {ergonomic}
    uintx NonProfiledCodeHeapSize                  = 0                                      {pd product} {ergonomic}
     bool ProfileInterpreter                       = false                                  {pd product} {command line}
    uintx ProfiledCodeHeapSize                     = 0                                      {pd product} {ergonomic}
   size_t SoftMaxHeapSize                          = 1073741824                             {manageable} {ergonomic}
     intx TieredStopAtLevel                        = 1                                         {product} {command line}
     bool UseCompressedClassPointers               = true                           {product lp64_product} {ergonomic}
     bool UseCompressedOops                        = true                           {product lp64_product} {ergonomic}
     bool UseG1GC                                  = true                                      {product} {ergonomic}
     bool UseLargePagesIndividualAllocation        = false                                  {pd product} {ergonomic}

Logging:
Log output configuration:
 #0: stdout all=warning,jni+resolve=off uptime,level,tags
 #1: stderr all=off uptime,level,tags

Environment Variables:
PATH=C:\Program Files\Microsoft\jdk-17.0.12.7-hotspot\bin;C:\Program Files\Eclipse Adoptium\jdk-21.0.4.7-hotspot\bin;C:\WINDOWS\system32;C:\WINDOWS;C:\WINDOWS\System32\Wbem;C:\WINDOWS\System32\WindowsPowerShell\v1.0\;C:\WINDOWS\System32\OpenSSH\;C:\perl\c\bin;C:\perl\perl\site\bin;C:\perl\perl\bin;C:\Program Files\PuTTY\;C:\Program Files\HP\HP One Agent;C:\Program Files\Git\cmd;C:\Program Files\Docker\Docker\resources\bin;C:\Users\aniln\AppData\Local\Microsoft\WindowsApps;C:\Users\aniln\AppData\Local\Programs\Microsoft VS Code\bin
USERNAME=aniln
OS=Windows_NT
PROCESSOR_IDENTIFIER=Intel64 Family 6 Model 142 Stepping 12, GenuineIntel
TMP=C:\Users\aniln\AppData\Local\Temp
TEMP=C:\Users\aniln\AppData\Local\Temp



Periodic native trim disabled


---------------  S Y S T E M  ---------------

OS:
 Windows 11 , 64 bit Build 22621 (10.0.22621.3958)
OS uptime: 1 days 6:11 hours
Hyper-V role detected

CPU: total 8 (initial active 8) (4 cores per cpu, 2 threads per core) family 6 model 142 stepping 12 microcode 0xde, cx8, cmov, fxsr, ht, mmx, 3dnowpref, sse, sse2, sse3, ssse3, sse4.1, sse4.2, popcnt, lzcnt, tsc, tscinvbit, avx, avx2, aes, erms, clmul, bmi1, bmi2, adx, fma, vzeroupper, clflush, clflushopt, hv
Processor Information for all 8 processors :
  Max Mhz: 1800, Current Mhz: 1600, Mhz Limit: 1584

Memory: 4k page, system-wide physical 8078M (429M free)
TotalPageFile size 32654M (AvailPageFile size 6M)
current process WorkingSet (physical memory assigned to process): 67M, peak: 220M
current process commit charge ("private bytes"): 265M, peak: 280M

vm_info: OpenJDK 64-Bit Server VM (17.0.12+7) for windows-amd64 JRE (17.0.12+7), built on Jul 16 2024 22:08:24 by "admin" with MS VC++ 16.10 / 16.11 (VS2019)

END.
